This is pdfTeX, Version 3.1415926-1.40.10 (TeX Live 2009/Debian) (format=pdflatex 2013.3.12)  11 APR 2013 17:54
entering extended mode
 %&-line parsing enabled.
**tukedip.tex
(./tukedip.tex
LaTeX2e <2009/09/24>
Babel <v3.8l> and hyphenation patterns for english, usenglishmax, dumylang, noh
yphenation, czech, slovak, loaded.
(./tukediphc.cls
Document Class: tukediphc 2012/04/22 v2.0 TUKE thesis class
Class tukediphc Info: Technical University of Kosice (official)
(tukediphc)           Bachelor's/Master's thesis document class.
\c@part=\count79
\c@section=\count80
\c@subsection=\count81
\c@subsubsection=\count82
\c@paragraph=\count83
\c@subparagraph=\count84
\c@figure=\count85
\c@table=\count86
\abovecaptionskip=\skip41
\belowcaptionskip=\skip42
\bibindent=\dimen102
) (/usr/share/texmf-texlive/tex/latex/base/inputenc.sty
Package: inputenc 2008/03/30 v1.1d Input encoding file
\inpenc@prehook=\toks14
\inpenc@posthook=\toks15

(/usr/share/texmf-texlive/tex/latex/base/utf8.def
File: utf8.def 2008/04/05 v1.1m UTF-8 support for inputenc
Now handling font encoding OML ...
... no UTF-8 mapping file for font encoding OML
Now handling font encoding T1 ...
... processing UTF-8 mapping file for font encoding T1

(/usr/share/texmf-texlive/tex/latex/base/t1enc.dfu
File: t1enc.dfu 2008/04/05 v1.1m UTF-8 support for inputenc
   defining Unicode char U+00A1 (decimal 161)
   defining Unicode char U+00A3 (decimal 163)
   defining Unicode char U+00AB (decimal 171)
   defining Unicode char U+00BB (decimal 187)
   defining Unicode char U+00BF (decimal 191)
   defining Unicode char U+00C0 (decimal 192)
   defining Unicode char U+00C1 (decimal 193)
   defining Unicode char U+00C2 (decimal 194)
   defining Unicode char U+00C3 (decimal 195)
   defining Unicode char U+00C4 (decimal 196)
   defining Unicode char U+00C5 (decimal 197)
   defining Unicode char U+00C6 (decimal 198)
   defining Unicode char U+00C7 (decimal 199)
   defining Unicode char U+00C8 (decimal 200)
   defining Unicode char U+00C9 (decimal 201)
   defining Unicode char U+00CA (decimal 202)
   defining Unicode char U+00CB (decimal 203)
   defining Unicode char U+00CC (decimal 204)
   defining Unicode char U+00CD (decimal 205)
   defining Unicode char U+00CE (decimal 206)
   defining Unicode char U+00CF (decimal 207)
   defining Unicode char U+00D0 (decimal 208)
   defining Unicode char U+00D1 (decimal 209)
   defining Unicode char U+00D2 (decimal 210)
   defining Unicode char U+00D3 (decimal 211)
   defining Unicode char U+00D4 (decimal 212)
   defining Unicode char U+00D5 (decimal 213)
   defining Unicode char U+00D6 (decimal 214)
   defining Unicode char U+00D8 (decimal 216)
   defining Unicode char U+00D9 (decimal 217)
   defining Unicode char U+00DA (decimal 218)
   defining Unicode char U+00DB (decimal 219)
   defining Unicode char U+00DC (decimal 220)
   defining Unicode char U+00DD (decimal 221)
   defining Unicode char U+00DE (decimal 222)
   defining Unicode char U+00DF (decimal 223)
   defining Unicode char U+00E0 (decimal 224)
   defining Unicode char U+00E1 (decimal 225)
   defining Unicode char U+00E2 (decimal 226)
   defining Unicode char U+00E3 (decimal 227)
   defining Unicode char U+00E4 (decimal 228)
   defining Unicode char U+00E5 (decimal 229)
   defining Unicode char U+00E6 (decimal 230)
   defining Unicode char U+00E7 (decimal 231)
   defining Unicode char U+00E8 (decimal 232)
   defining Unicode char U+00E9 (decimal 233)
   defining Unicode char U+00EA (decimal 234)
   defining Unicode char U+00EB (decimal 235)
   defining Unicode char U+00EC (decimal 236)
   defining Unicode char U+00ED (decimal 237)
   defining Unicode char U+00EE (decimal 238)
   defining Unicode char U+00EF (decimal 239)
   defining Unicode char U+00F0 (decimal 240)
   defining Unicode char U+00F1 (decimal 241)
   defining Unicode char U+00F2 (decimal 242)
   defining Unicode char U+00F3 (decimal 243)
   defining Unicode char U+00F4 (decimal 244)
   defining Unicode char U+00F5 (decimal 245)
   defining Unicode char U+00F6 (decimal 246)
   defining Unicode char U+00F8 (decimal 248)
   defining Unicode char U+00F9 (decimal 249)
   defining Unicode char U+00FA (decimal 250)
   defining Unicode char U+00FB (decimal 251)
   defining Unicode char U+00FC (decimal 252)
   defining Unicode char U+00FD (decimal 253)
   defining Unicode char U+00FE (decimal 254)
   defining Unicode char U+00FF (decimal 255)
   defining Unicode char U+0102 (decimal 258)
   defining Unicode char U+0103 (decimal 259)
   defining Unicode char U+0104 (decimal 260)
   defining Unicode char U+0105 (decimal 261)
   defining Unicode char U+0106 (decimal 262)
   defining Unicode char U+0107 (decimal 263)
   defining Unicode char U+010C (decimal 268)
   defining Unicode char U+010D (decimal 269)
   defining Unicode char U+010E (decimal 270)
   defining Unicode char U+010F (decimal 271)
   defining Unicode char U+0110 (decimal 272)
   defining Unicode char U+0111 (decimal 273)
   defining Unicode char U+0118 (decimal 280)
   defining Unicode char U+0119 (decimal 281)
   defining Unicode char U+011A (decimal 282)
   defining Unicode char U+011B (decimal 283)
   defining Unicode char U+011E (decimal 286)
   defining Unicode char U+011F (decimal 287)
   defining Unicode char U+0130 (decimal 304)
   defining Unicode char U+0131 (decimal 305)
   defining Unicode char U+0132 (decimal 306)
   defining Unicode char U+0133 (decimal 307)
   defining Unicode char U+0139 (decimal 313)
   defining Unicode char U+013A (decimal 314)
   defining Unicode char U+013D (decimal 317)
   defining Unicode char U+013E (decimal 318)
   defining Unicode char U+0141 (decimal 321)
   defining Unicode char U+0142 (decimal 322)
   defining Unicode char U+0143 (decimal 323)
   defining Unicode char U+0144 (decimal 324)
   defining Unicode char U+0147 (decimal 327)
   defining Unicode char U+0148 (decimal 328)
   defining Unicode char U+014A (decimal 330)
   defining Unicode char U+014B (decimal 331)
   defining Unicode char U+0150 (decimal 336)
   defining Unicode char U+0151 (decimal 337)
   defining Unicode char U+0152 (decimal 338)
   defining Unicode char U+0153 (decimal 339)
   defining Unicode char U+0154 (decimal 340)
   defining Unicode char U+0155 (decimal 341)
   defining Unicode char U+0158 (decimal 344)
   defining Unicode char U+0159 (decimal 345)
   defining Unicode char U+015A (decimal 346)
   defining Unicode char U+015B (decimal 347)
   defining Unicode char U+015E (decimal 350)
   defining Unicode char U+015F (decimal 351)
   defining Unicode char U+0160 (decimal 352)
   defining Unicode char U+0161 (decimal 353)
   defining Unicode char U+0162 (decimal 354)
   defining Unicode char U+0163 (decimal 355)
   defining Unicode char U+0164 (decimal 356)
   defining Unicode char U+0165 (decimal 357)
   defining Unicode char U+016E (decimal 366)
   defining Unicode char U+016F (decimal 367)
   defining Unicode char U+0170 (decimal 368)
   defining Unicode char U+0171 (decimal 369)
   defining Unicode char U+0178 (decimal 376)
   defining Unicode char U+0179 (decimal 377)
   defining Unicode char U+017A (decimal 378)
   defining Unicode char U+017B (decimal 379)
   defining Unicode char U+017C (decimal 380)
   defining Unicode char U+017D (decimal 381)
   defining Unicode char U+017E (decimal 382)
   defining Unicode char U+200C (decimal 8204)
   defining Unicode char U+2013 (decimal 8211)
   defining Unicode char U+2014 (decimal 8212)
   defining Unicode char U+2018 (decimal 8216)
   defining Unicode char U+2019 (decimal 8217)
   defining Unicode char U+201A (decimal 8218)
   defining Unicode char U+201C (decimal 8220)
   defining Unicode char U+201D (decimal 8221)
   defining Unicode char U+201E (decimal 8222)
   defining Unicode char U+2030 (decimal 8240)
   defining Unicode char U+2031 (decimal 8241)
   defining Unicode char U+2039 (decimal 8249)
   defining Unicode char U+203A (decimal 8250)
   defining Unicode char U+2423 (decimal 9251)
)
Now handling font encoding OT1 ...
... processing UTF-8 mapping file for font encoding OT1

(/usr/share/texmf-texlive/tex/latex/base/ot1enc.dfu
File: ot1enc.dfu 2008/04/05 v1.1m UTF-8 support for inputenc
   defining Unicode char U+00A1 (decimal 161)
   defining Unicode char U+00A3 (decimal 163)
   defining Unicode char U+00B8 (decimal 184)
   defining Unicode char U+00BF (decimal 191)
   defining Unicode char U+00C5 (decimal 197)
   defining Unicode char U+00C6 (decimal 198)
   defining Unicode char U+00D8 (decimal 216)
   defining Unicode char U+00DF (decimal 223)
   defining Unicode char U+00E6 (decimal 230)
   defining Unicode char U+00EC (decimal 236)
   defining Unicode char U+00ED (decimal 237)
   defining Unicode char U+00EE (decimal 238)
   defining Unicode char U+00EF (decimal 239)
   defining Unicode char U+00F8 (decimal 248)
   defining Unicode char U+0131 (decimal 305)
   defining Unicode char U+0141 (decimal 321)
   defining Unicode char U+0142 (decimal 322)
   defining Unicode char U+0152 (decimal 338)
   defining Unicode char U+0153 (decimal 339)
   defining Unicode char U+2013 (decimal 8211)
   defining Unicode char U+2014 (decimal 8212)
   defining Unicode char U+2018 (decimal 8216)
   defining Unicode char U+2019 (decimal 8217)
   defining Unicode char U+201C (decimal 8220)
   defining Unicode char U+201D (decimal 8221)
)
Now handling font encoding OMS ...
... processing UTF-8 mapping file for font encoding OMS

(/usr/share/texmf-texlive/tex/latex/base/omsenc.dfu
File: omsenc.dfu 2008/04/05 v1.1m UTF-8 support for inputenc
   defining Unicode char U+00A7 (decimal 167)
   defining Unicode char U+00B6 (decimal 182)
   defining Unicode char U+00B7 (decimal 183)
   defining Unicode char U+2020 (decimal 8224)
   defining Unicode char U+2021 (decimal 8225)
   defining Unicode char U+2022 (decimal 8226)
)
Now handling font encoding OMX ...
... no UTF-8 mapping file for font encoding OMX
Now handling font encoding U ...
... no UTF-8 mapping file for font encoding U
   defining Unicode char U+00A9 (decimal 169)
   defining Unicode char U+00AA (decimal 170)
   defining Unicode char U+00AE (decimal 174)
   defining Unicode char U+00BA (decimal 186)
   defining Unicode char U+02C6 (decimal 710)
   defining Unicode char U+02DC (decimal 732)
   defining Unicode char U+200C (decimal 8204)
   defining Unicode char U+2026 (decimal 8230)
   defining Unicode char U+2122 (decimal 8482)
   defining Unicode char U+2423 (decimal 9251)
))
(/usr/share/texmf/tex/latex/lm/lmodern.sty
Package: lmodern 2009/10/30 v1.6 Latin Modern Fonts
LaTeX Font Info:    Overwriting symbol font `operators' in version `normal'
(Font)                  OT1/cmr/m/n --> OT1/lmr/m/n on input line 22.
LaTeX Font Info:    Overwriting symbol font `letters' in version `normal'
(Font)                  OML/cmm/m/it --> OML/lmm/m/it on input line 23.
LaTeX Font Info:    Overwriting symbol font `symbols' in version `normal'
(Font)                  OMS/cmsy/m/n --> OMS/lmsy/m/n on input line 24.
LaTeX Font Info:    Overwriting symbol font `largesymbols' in version `normal'
(Font)                  OMX/cmex/m/n --> OMX/lmex/m/n on input line 25.
LaTeX Font Info:    Overwriting symbol font `operators' in version `bold'
(Font)                  OT1/cmr/bx/n --> OT1/lmr/bx/n on input line 26.
LaTeX Font Info:    Overwriting symbol font `letters' in version `bold'
(Font)                  OML/cmm/b/it --> OML/lmm/b/it on input line 27.
LaTeX Font Info:    Overwriting symbol font `symbols' in version `bold'
(Font)                  OMS/cmsy/b/n --> OMS/lmsy/b/n on input line 28.
LaTeX Font Info:    Overwriting symbol font `largesymbols' in version `bold'
(Font)                  OMX/cmex/m/n --> OMX/lmex/m/n on input line 29.
LaTeX Font Info:    Overwriting math alphabet `\mathbf' in version `normal'
(Font)                  OT1/cmr/bx/n --> OT1/lmr/bx/n on input line 31.
LaTeX Font Info:    Overwriting math alphabet `\mathsf' in version `normal'
(Font)                  OT1/cmss/m/n --> OT1/lmss/m/n on input line 32.
LaTeX Font Info:    Overwriting math alphabet `\mathit' in version `normal'
(Font)                  OT1/cmr/m/it --> OT1/lmr/m/it on input line 33.
LaTeX Font Info:    Overwriting math alphabet `\mathtt' in version `normal'
(Font)                  OT1/cmtt/m/n --> OT1/lmtt/m/n on input line 34.
LaTeX Font Info:    Overwriting math alphabet `\mathbf' in version `bold'
(Font)                  OT1/cmr/bx/n --> OT1/lmr/bx/n on input line 35.
LaTeX Font Info:    Overwriting math alphabet `\mathsf' in version `bold'
(Font)                  OT1/cmss/bx/n --> OT1/lmss/bx/n on input line 36.
LaTeX Font Info:    Overwriting math alphabet `\mathit' in version `bold'
(Font)                  OT1/cmr/bx/it --> OT1/lmr/bx/it on input line 37.
LaTeX Font Info:    Overwriting math alphabet `\mathtt' in version `bold'
(Font)                  OT1/cmtt/m/n --> OT1/lmtt/m/n on input line 38.
)
(/usr/share/texmf-texlive/tex/latex/textcase/textcase.sty
Package: textcase 2004/10/07 v0.07 Text only upper/lower case changing (DPC)
)
(/usr/share/texmf-texlive/tex/generic/babel/slovak.sty

! Package babel Error: You have used an old interface to call babel
(babel)                You may expect compatibility problems wit other packages
.

See the babel package documentation for explanation.
Type  H <return>  for immediate help.
 ...                                              
                                                  
l.73     \bblstyerror
                     
You could proceed but don't complain if you run into errors

(/usr/share/texmf-texlive/tex/generic/babel/slovak.ldf
Language: slovak 2008/07/06 v3.1a Slovak support from the babel system

(/usr/share/texmf-texlive/tex/generic/babel/babel.def
File: babel.def 2008/07/06 v3.8l Babel common definitions
\babel@savecnt=\count87
\U@D=\dimen103
)
cslatex compatibility mode
Package: slovak 2008/07/06 v3.1a CSTeX Slovak style

(/usr/share/texmf-texlive/tex/latex/cslatex/il2enc.def
File: il2enc.def 1997/08/20 CSLaTeX
Now handling font encoding IL2 ...
... no UTF-8 mapping file for font encoding IL2
)
\cs@wordlen=\count88
Package babel Info: Making - an active character on input line 294.
))
(/usr/share/texmf-texlive/tex/latex/base/latexsym.sty
Package: latexsym 1998/08/17 v2.2e Standard LaTeX package (lasy symbols)
\symlasy=\mathgroup4
LaTeX Font Info:    Overwriting symbol font `lasy' in version `bold'
(Font)                  U/lasy/m/n --> U/lasy/b/n on input line 47.
)
(/usr/share/texmf-texlive/tex/latex/tools/dcolumn.sty
Package: dcolumn 2001/05/28 v1.06 decimal alignment package (DPC)

(/usr/share/texmf-texlive/tex/latex/tools/array.sty
Package: array 2008/09/09 v2.4c Tabular extension package (FMi)
\col@sep=\dimen104
\extrarowheight=\dimen105
\NC@list=\toks16
\extratabsurround=\skip43
\backup@length=\skip44
))
(/usr/share/texmf-texlive/tex/latex/tools/hhline.sty
Package: hhline 1994/05/23 v2.03 Table rule package (DPC)
)
(/usr/share/texmf-texlive/tex/latex/amsmath/amsmath.sty
Package: amsmath 2000/07/18 v2.13 AMS math features
\@mathmargin=\skip45

For additional information on amsmath, use the `?' option.
(/usr/share/texmf-texlive/tex/latex/amsmath/amstext.sty
Package: amstext 2000/06/29 v2.01

(/usr/share/texmf-texlive/tex/latex/amsmath/amsgen.sty
File: amsgen.sty 1999/11/30 v2.0
\@emptytoks=\toks17
\ex@=\dimen106
))
(/usr/share/texmf-texlive/tex/latex/amsmath/amsbsy.sty
Package: amsbsy 1999/11/29 v1.2d
\pmbraise@=\dimen107
)
(/usr/share/texmf-texlive/tex/latex/amsmath/amsopn.sty
Package: amsopn 1999/12/14 v2.01 operator names
)
\inf@bad=\count89
LaTeX Info: Redefining \frac on input line 211.
\uproot@=\count90
\leftroot@=\count91
LaTeX Info: Redefining \overline on input line 307.
\classnum@=\count92
\DOTSCASE@=\count93
LaTeX Info: Redefining \ldots on input line 379.
LaTeX Info: Redefining \dots on input line 382.
LaTeX Info: Redefining \cdots on input line 467.
\Mathstrutbox@=\box26
\strutbox@=\box27
\big@size=\dimen108
LaTeX Font Info:    Redeclaring font encoding OML on input line 567.
LaTeX Font Info:    Redeclaring font encoding OMS on input line 568.
\macc@depth=\count94
\c@MaxMatrixCols=\count95
\dotsspace@=\muskip10
\c@parentequation=\count96
\dspbrk@lvl=\count97
\tag@help=\toks18
\row@=\count98
\column@=\count99
\maxfields@=\count100
\andhelp@=\toks19
\eqnshift@=\dimen109
\alignsep@=\dimen110
\tagshift@=\dimen111
\tagwidth@=\dimen112
\totwidth@=\dimen113
\lineht@=\dimen114
\@envbody=\toks20
\multlinegap=\skip46
\multlinetaggap=\skip47
\mathdisplay@stack=\toks21
LaTeX Info: Redefining \[ on input line 2666.
LaTeX Info: Redefining \] on input line 2667.
) (./nicefrac.sty
Package: nicefrac 1998/08/04 v0.9b Nice fractions
\L@UnitsRaiseDisplaystyle=\skip48
\L@UnitsRaiseTextstyle=\skip49
\L@UnitsRaiseScriptstyle=\skip50

(/usr/share/texmf-texlive/tex/latex/base/ifthen.sty
Package: ifthen 2001/05/26 v1.1c Standard LaTeX ifthen package (DPC)
))
(/usr/share/texmf-texlive/tex/latex/was/upgreek.sty
Package: upgreek 2003/02/12 v2.0 (WaS)
Package upgreek Info: Using Euler Roman for upright Greek on input line 31.
\symugrf@m=\mathgroup5
LaTeX Font Info:    Overwriting symbol font `ugrf@m' in version `bold'
(Font)                  U/eur/m/n --> U/eur/b/n on input line 38.
)
(/usr/share/texmf-texlive/tex/latex/tools/showkeys.sty
Package: showkeys 2007/08/07 v3.15 Show cite and label keys (DPC, MH)
) (./nomencl.sty
Package: nomencl 2000/12/03 v3.1a Nomenclature package (BS)
\nomlabelwidth=\dimen115
\nom@tempdim=\dimen116
\nomitemsep=\skip51
)
\@glossaryfile=\write3
\openout3 = `tukedip.glo'.


Writing glossary file tukedip.glo
(/usr/share/texmf-texlive/tex/latex/ltxmisc/parskip.sty
Package: parskip 2001/04/09 non-zero parskip adjustments
)
(/usr/share/texmf-texlive/tex/latex/graphics/graphicx.sty
Package: graphicx 1999/02/16 v1.0f Enhanced LaTeX Graphics (DPC,SPQR)

(/usr/share/texmf-texlive/tex/latex/graphics/keyval.sty
Package: keyval 1999/03/16 v1.13 key=value parser (DPC)
\KV@toks@=\toks22
)
(/usr/share/texmf-texlive/tex/latex/graphics/graphics.sty
Package: graphics 2009/02/05 v1.0o Standard LaTeX Graphics (DPC,SPQR)

(/usr/share/texmf-texlive/tex/latex/graphics/trig.sty
Package: trig 1999/03/16 v1.09 sin cos tan (DPC)
)
(/etc/texmf/tex/latex/config/graphics.cfg
File: graphics.cfg 2009/08/28 v1.8 graphics configuration of TeX Live
)
Package graphics Info: Driver file: pdftex.def on input line 91.

(/usr/share/texmf-texlive/tex/latex/pdftex-def/pdftex.def
File: pdftex.def 2010/03/12 v0.04p Graphics/color for pdfTeX
\Gread@gobject=\count101
))
\Gin@req@height=\dimen117
\Gin@req@width=\dimen118
) (./natbib.sty
Package: natbib 1999/05/28 7.0 (PWD)
\bibhang=\skip52
\bibsep=\skip53
LaTeX Info: Redefining \cite on input line 508.
\c@NAT@ctr=\count102
)
(/usr/share/texmf-texlive/tex/latex/hyperref/hyperref.sty
Package: hyperref 2009/10/09 v6.79a Hypertext links for LaTeX

(/usr/share/texmf-texlive/tex/generic/oberdiek/ifpdf.sty
Package: ifpdf 2009/04/10 v2.0 Provides the ifpdf switch (HO)
Package ifpdf Info: pdfTeX in pdf mode detected.
)
(/usr/share/texmf-texlive/tex/generic/oberdiek/ifvtex.sty
Package: ifvtex 2008/11/04 v1.4 Switches for detecting VTeX and its modes (HO)
Package ifvtex Info: VTeX not detected.
)
(/usr/share/texmf-texlive/tex/generic/ifxetex/ifxetex.sty
Package: ifxetex 2009/01/23 v0.5 Provides ifxetex conditional
)
(/usr/share/texmf-texlive/tex/latex/oberdiek/hycolor.sty
Package: hycolor 2009/10/02 v1.5 Code for color options of hyperref/bookmark (H
O)

(/usr/share/texmf-texlive/tex/latex/oberdiek/xcolor-patch.sty
Package: xcolor-patch 2009/10/02 xcolor patch
))
\@linkdim=\dimen119
\Hy@linkcounter=\count103
\Hy@pagecounter=\count104

(/usr/share/texmf-texlive/tex/latex/hyperref/pd1enc.def
File: pd1enc.def 2009/10/09 v6.79a Hyperref: PDFDocEncoding definition (HO)
Now handling font encoding PD1 ...
... no UTF-8 mapping file for font encoding PD1
)
(/usr/share/texmf-texlive/tex/generic/oberdiek/etexcmds.sty
Package: etexcmds 2007/12/12 v1.2 Prefix for e-TeX command names (HO)

(/usr/share/texmf-texlive/tex/generic/oberdiek/infwarerr.sty
Package: infwarerr 2007/09/09 v1.2 Providing info/warning/message (HO)
)
Package etexcmds Info: Could not find \expanded.
(etexcmds)             That can mean that you are not using pdfTeX 1.50 or
(etexcmds)             that some package has redefined \expanded.
(etexcmds)             In the latter case, load this package earlier.
)
(/usr/share/texmf-texlive/tex/latex/latexconfig/hyperref.cfg
File: hyperref.cfg 2002/06/06 v1.2 hyperref configuration of TeXLive
)
(/usr/share/texmf-texlive/tex/latex/oberdiek/kvoptions.sty
Package: kvoptions 2009/08/13 v3.4 Keyval support for LaTeX options (HO)

(/usr/share/texmf-texlive/tex/generic/oberdiek/kvsetkeys.sty
Package: kvsetkeys 2009/07/30 v1.5 Key value parser with default handler suppor
t (HO)
))
Package hyperref Info: Option `unicode' set `true' on input line 2864.

(/usr/share/texmf-texlive/tex/latex/hyperref/puenc.def
File: puenc.def 2009/10/09 v6.79a Hyperref: PDF Unicode definition (HO)
Now handling font encoding PU ...
... no UTF-8 mapping file for font encoding PU
)
Package hyperref Info: Option `bookmarksnumbered' set `true' on input line 2864
.
Package hyperref Info: Option `bookmarksopen' set `true' on input line 2864.
Package hyperref Info: Option `pdfmenubar' set `true' on input line 2864.
Package hyperref Info: Option `linktocpage' set `true' on input line 2864.
Package hyperref Info: Option `pageanchor' set `true' on input line 2864.
Package hyperref Info: Hyper figures OFF on input line 2975.
Package hyperref Info: Link nesting OFF on input line 2980.
Package hyperref Info: Hyper index ON on input line 2983.
Package hyperref Info: Plain pages OFF on input line 2990.
Package hyperref Info: Backreferencing OFF on input line 2995.

Implicit mode ON; LaTeX internals redefined
Package hyperref Info: Bookmarks ON on input line 3191.
(/usr/share/texmf-texlive/tex/latex/ltxmisc/url.sty
\Urlmuskip=\muskip11
Package: url 2006/04/12  ver 3.3  Verb mode for urls, etc.
)
LaTeX Info: Redefining \url on input line 3428.

(/usr/share/texmf-texlive/tex/generic/oberdiek/bitset.sty
Package: bitset 2007/09/28 v1.0 Data type bit set (HO)

(/usr/share/texmf-texlive/tex/generic/oberdiek/intcalc.sty
Package: intcalc 2007/09/27 v1.1 Expandable integer calculations (HO)
)
(/usr/share/texmf-texlive/tex/generic/oberdiek/bigintcalc.sty
Package: bigintcalc 2007/11/11 v1.1 Expandable big integer calculations (HO)

(/usr/share/texmf-texlive/tex/generic/oberdiek/pdftexcmds.sty
Package: pdftexcmds 2009/09/23 v0.6 LuaTeX support for pdfTeX utility functions
 (HO)

(/usr/share/texmf-texlive/tex/generic/oberdiek/ifluatex.sty
Package: ifluatex 2009/04/17 v1.2 Provides the ifluatex switch (HO)
Package ifluatex Info: LuaTeX not detected.
)
(/usr/share/texmf-texlive/tex/generic/oberdiek/ltxcmds.sty
Package: ltxcmds 2009/08/05 v1.0 Some LaTeX kernel commands for general use (HO
)
)
Package pdftexcmds Info: LuaTeX not detected.
Package pdftexcmds Info: \pdf@primitive is available.
Package pdftexcmds Info: \pdf@ifprimitive is available.
)))
\Fld@menulength=\count105
\Field@Width=\dimen120
\Fld@charsize=\dimen121
\Field@toks=\toks23
Package hyperref Info: Hyper figures OFF on input line 4377.
Package hyperref Info: Link nesting OFF on input line 4382.
Package hyperref Info: Hyper index ON on input line 4385.
Package hyperref Info: backreferencing OFF on input line 4392.
Package hyperref Info: Link coloring OFF on input line 4397.
Package hyperref Info: Link coloring with OCG OFF on input line 4402.
Package hyperref Info: PDF/A mode OFF on input line 4407.

(/usr/share/texmf-texlive/tex/generic/oberdiek/atbegshi.sty
Package: atbegshi 2008/07/31 v1.9 At begin shipout hook (HO)
)
\Hy@abspage=\count106
\c@Item=\count107
\c@Hfootnote=\count108
)
*hyperref using driver hpdftex*
(/usr/share/texmf-texlive/tex/latex/hyperref/hpdftex.def
File: hpdftex.def 2009/10/09 v6.79a Hyperref driver for pdfTeX
\Fld@listcount=\count109
) (./tukedip.aux
(./uvod.aux) (./formulacia.aux) (./analyza.aux) (./mediator.aux)
(./analyza_framework.aux) (./basic_sla_meter.aux) (./navrh.aux) (./zaver.aux)
(./literatura.aux) (./prilohy.aux) (./prilohaa.aux) (./prilohab.aux)
(./prilohac.aux) (./prirucka.aux))
\openout1 = `tukedip.aux'.

LaTeX Font Info:    Checking defaults for OML/cmm/m/it on input line 138.
LaTeX Font Info:    ... okay on input line 138.
LaTeX Font Info:    Checking defaults for T1/cmr/m/n on input line 138.
LaTeX Font Info:    ... okay on input line 138.
LaTeX Font Info:    Checking defaults for OT1/cmr/m/n on input line 138.
LaTeX Font Info:    ... okay on input line 138.
LaTeX Font Info:    Checking defaults for OMS/cmsy/m/n on input line 138.
LaTeX Font Info:    ... okay on input line 138.
LaTeX Font Info:    Checking defaults for OMX/cmex/m/n on input line 138.
LaTeX Font Info:    ... okay on input line 138.
LaTeX Font Info:    Checking defaults for U/cmr/m/n on input line 138.
LaTeX Font Info:    ... okay on input line 138.
LaTeX Font Info:    Checking defaults for IL2/cmr/m/n on input line 138.
LaTeX Font Info:    Try loading font information for IL2+cmr on input line 138.


(/usr/share/texmf-texlive/tex/latex/cslatex/il2cmr.fd
File: il2cmr.fd 1997/02/06 CSLaTeX font definitions
)
LaTeX Font Info:    ... okay on input line 138.
LaTeX Font Info:    Checking defaults for PD1/pdf/m/n on input line 138.
LaTeX Font Info:    ... okay on input line 138.
LaTeX Font Info:    Checking defaults for PU/pdf/m/n on input line 138.
LaTeX Font Info:    ... okay on input line 138.
LaTeX Font Info:    Try loading font information for IL2+lmr on input line 138.


(/usr/share/texmf/tex/latex/lm/il2lmr.fd
File: il2lmr.fd 2009/10/30 v1.6 Font defs for Latin Modern
)
(/usr/share/texmf-texlive/tex/context/base/supp-pdf.mkii
[Loading MPS to PDF converter (version 2006.09.02).]
\scratchcounter=\count110
\scratchdimen=\dimen122
\scratchbox=\box28
\nofMPsegments=\count111
\nofMParguments=\count112
\everyMPshowfont=\toks24
\MPscratchCnt=\count113
\MPscratchDim=\dimen123
\MPnumerator=\count114
\everyMPtoPDFconversion=\toks25
)
Package hyperref Info: Link coloring OFF on input line 138.
 (/usr/share/texmf-texlive/tex/latex/hyperref/nameref.sty
Package: nameref 2007/05/29 v2.31 Cross-referencing by name of section

(/usr/share/texmf-texlive/tex/latex/oberdiek/refcount.sty
Package: refcount 2008/08/11 v3.1 Data extraction from references (HO)
)
\c@section@level=\count115
)
LaTeX Info: Redefining \ref on input line 138.
LaTeX Info: Redefining \pageref on input line 138.
 (./tukedip.out)
(./tukedip.out)
\@outlinefile=\write4
\openout4 = `tukedip.out'.

\AtBeginShipoutBox=\box29


LaTeX Warning: No \bakpraca given.

[1

{/var/lib/texmf/fonts/map/pdftex/updmap/pdftex.map}]
Underfull \hbox (badness 10000) in paragraph at lines 145--145

 []


LaTeX Warning: No \bakpraca given.

LaTeX Font Info:    Try loading font information for OT1+lmr on input line 145.

(/usr/share/texmf/tex/latex/lm/ot1lmr.fd
File: ot1lmr.fd 2009/10/30 v1.6 Font defs for Latin Modern
)
LaTeX Font Info:    Try loading font information for OML+lmm on input line 145.


(/usr/share/texmf/tex/latex/lm/omllmm.fd
File: omllmm.fd 2009/10/30 v1.6 Font defs for Latin Modern
)
LaTeX Font Info:    Try loading font information for OMS+lmsy on input line 145
.

(/usr/share/texmf/tex/latex/lm/omslmsy.fd
File: omslmsy.fd 2009/10/30 v1.6 Font defs for Latin Modern
)
LaTeX Font Info:    Try loading font information for OMX+lmex on input line 145
.

(/usr/share/texmf/tex/latex/lm/omxlmex.fd
File: omxlmex.fd 2009/10/30 v1.6 Font defs for Latin Modern
)
LaTeX Font Info:    External font `lmex10' loaded for size
(Font)              <12> on input line 145.
LaTeX Font Info:    External font `lmex10' loaded for size
(Font)              <8> on input line 145.
LaTeX Font Info:    External font `lmex10' loaded for size
(Font)              <6> on input line 145.
LaTeX Font Info:    Try loading font information for U+lasy on input line 145.

(/usr/share/texmf-texlive/tex/latex/base/ulasy.fd
File: ulasy.fd 1998/08/17 v2.2e LaTeX symbol font definitions
)

LaTeX Warning: No \konzultantb given.

[2] [3] [4] [5] [6] [7] (./tukedip.toc [8]
LaTeX Font Info:    Try loading font information for IL2+lmss on input line 56.


(/usr/share/texmf/tex/latex/lm/il2lmss.fd
File: il2lmss.fd 2009/10/30 v1.6 Font defs for Latin Modern
) [9])
\tf@toc=\write5
\openout5 = `tukedip.toc'.

 [10] (./tukedip.lof)
\tf@lof=\write6
\openout6 = `tukedip.lof'.

 [11]
(./tukedip.lot)
\tf@lot=\write7
\openout7 = `tukedip.lot'.

 [12] (./tukedip.gls [13]) [14] [15] [16]
\openout2 = `uvod.aux'.

 (./uvod.tex)pdfTeX warning (ext4): destination with the same identifier (name{
page.1}) has been already used, duplicate ignored
<to be read again> 
                   \relax 
l.244 \include{uvod}
                     [1

]
\openout2 = `formulacia.aux'.

 (./formulacia.tex)pdfTeX warning (ext4): destination with the same identifier 
(name{page.2}) has been already used, duplicate ignored
<to be read again> 
                   \relax 
l.246 \include{formulacia}
                           [2


]
\openout2 = `analyza.aux'.

 (./analyza.tex
<figures/ipfix_architekture_basic.png, id=471, 602.25pt x 322.20375pt>
File: figures/ipfix_architekture_basic.png Graphic file (type png)

<use figures/ipfix_architekture_basic.png>pdfTeX warning (ext4): destination wi
th the same identifier (name{page.3}) has been already used, duplicate ignored
<to be read again> 
                   \relax 
l.29 \end{description}
                       [3


 <./figures/ipfix_architekture_basic.png>]pdfTeX warning (ext4): destination wi
th the same identifier (name{page.4}) has been already used, duplicate ignored
<to be read again> 
                   \relax 
l.67 
      [4]
LaTeX Font Info:    External font `lmex10' loaded for size
(Font)              <10> on input line 102.
LaTeX Font Info:    External font `lmex10' loaded for size
(Font)              <7> on input line 102.
LaTeX Font Info:    External font `lmex10' loaded for size
(Font)              <5> on input line 102.
pdfTeX warning (ext4): destination with the same identifier (name{page.5}) has 
been already used, duplicate ignored
<to be read again> 
                   \relax 
l.103 \end{description}
                        [5]
<figures/ipfix_message_format.png, id=507, 575.14874pt x 165.61874pt>
File: figures/ipfix_message_format.png Graphic file (type png)

<use figures/ipfix_message_format.png>
LaTeX Font Info:    Try loading font information for OMS+lmr on input line 124.

 (/usr/share/texmf/tex/latex/lm/omslmr.fd
File: omslmr.fd 2009/10/30 v1.6 Font defs for Latin Modern
)
LaTeX Font Info:    Font shape `OMS/lmr/m/n' in size <12> not available
(Font)              Font shape `OMS/lmsy/m/n' tried instead on input line 124.
LaTeX Font Info:    Try loading font information for IL2+lmtt on input line 124
.
 (/usr/share/texmf/tex/latex/lm/il2lmtt.fd
File: il2lmtt.fd 2009/10/30 v1.6 Font defs for Latin Modern
)pdfTeX warning (ext4): destination with the same identifier (name{page.6}) has
 been already used, duplicate ignored
<to be read again> 
                   \relax 
l.130  \item \textbf
                    {Identifikaƒçn√© ƒç√≠slo pozorovacej dom√©ny}, ktor√Ω je...
[6 <./figures/ipfix_message_format.png>]
<figures/ipfix_message_header.pdf, id=518, 405.515pt x 127.47626pt>
File: figures/ipfix_message_header.pdf Graphic file (type pdf)

<use figures/ipfix_message_header.pdf>
<figures/set_format.pdf, id=520, 404.51125pt x 182.6825pt>
File: figures/set_format.pdf Graphic file (type pdf)

<use figures/set_format.pdf>pdfTeX warning (ext4): destination with the same id
entifier (name{page.7}) has been already used, duplicate ignored
<to be read again> 
                   \relax 
l.165 
       [7 <./figures/ipfix_message_header.pdf>]
<figures/set_header.pdf, id=532, 404.51125pt x 46.1725pt>
File: figures/set_header.pdf Graphic file (type pdf)

<use figures/set_header.pdf>pdfTeX warning (ext4): destination with the same id
entifier (name{page.8}) has been already used, duplicate ignored
<to be read again> 
                   \relax 
l.197 P
       rv√Ω bit sa naz√Ωva \emph{Enterprise bit}. [8 <./figures/set_format.pdf>
 <./figures/set_header.pdf>]
<figures/field_specifier_format.pdf, id=545, 403.5075pt x 74.2775pt>
File: figures/field_specifier_format.pdf Graphic file (type pdf)

<use figures/field_specifier_format.pdf>pdfTeX warning (ext4): destination with
 the same identifier (name{page.9}) has been already used, duplicate ignored
<to be read again> 
                   \relax 
l.230 
       [9 <./figures/field_specifier_format.pdf>]
<figures/template_record_header.pdf, id=557, 404.51125pt x 46.1725pt>
File: figures/template_record_header.pdf Graphic file (type pdf)

<use figures/template_record_header.pdf>
<figures/options_record_header.pdf, id=559, 403.5075pt x 75.28125pt>
File: figures/options_record_header.pdf Graphic file (type pdf)

<use figures/options_record_header.pdf>)pdfTeX warning (ext4): destination with
 the same identifier (name{page.10}) has been already used, duplicate ignored
<to be read again> 
                   \relax 
l.248 \include{analyza}
                        [10 <./figures/template_record_header.pdf> <./figures/o
ptions_record_header.pdf>]pdfTeX warning (ext4): destination with the same iden
tifier (name{page.11}) has been already used, duplicate ignored
<to be read again> 
                   \relax 
l.248 \include{analyza}
                        [11]
\openout2 = `mediator.aux'.

 (./mediator.texpdfTeX warning (ext4): destination with the same identifier (na
me{page.12}) has been already used, duplicate ignored
<to be read again> 
                   \relax 
l.31  \item[IPFIX Medi√°tor]
                             je n√°stroj vykon√°vaj√∫ci sprostredkovanie spr...
[12


] <figures/exp_med_coll.pdf, id=585, 380.42125pt x 171.64125pt>
File: figures/exp_med_coll.pdf Graphic file (type pdf)

<use figures/exp_med_coll.pdf>pdfTeX warning (ext4): destination with the same 
identifier (name{page.13}) has been already used, duplicate ignored
<to be read again> 
                   \relax 
l.57 \begin{enumerate}
                       [13 <./figures/exp_med_coll.pdf>]pdfTeX warning (ext4): 
destination with the same identifier (name{page.14}) has been already used, dup
licate ignored
<to be read again> 
                   \relax 
l.86 
      [14]pdfTeX warning (ext4): destination with the same identifier (name{pag
e.15}) has been already used, duplicate ignored
<to be read again> 
                   \relax 
l.112 
       [15]pdfTeX warning (ext4): destination with the same identifier (name{pa
ge.16}) has been already used, duplicate ignored
<to be read again> 
                   \relax 
l.141 
       [16] [17] [18] [19]
Overfull \hbox (2.12337pt too wide) in paragraph at lines 229--229
[]\IL2/lmr/bx/n/14.4 Vybrane implementaËno-πpecifickÈ prob-lÈmy IP-FIX Me-
 []

<figures/loss_of_exporter.pdf, id=638, 400.49625pt x 208.78pt>
File: figures/loss_of_exporter.pdf Graphic file (type pdf)

<use figures/loss_of_exporter.pdf> [20]) [21 <./figures/loss_of_exporter.pdf>]
\openout2 = `analyza_framework.aux'.


(./analyza_framework.tex
<figures/mediation_reference_model.pdf, id=656, 458.71375pt x 428.60126pt>
File: figures/mediation_reference_model.pdf Graphic file (type pdf)

<use figures/mediation_reference_model.pdf> [22


 <./figures/mediation_reference_model.pdf>]
<figures/mediator_component_model.pdf, id=669, 474.77374pt x 366.36874pt>
File: figures/mediator_component_model.pdf Graphic file (type pdf)

<use figures/mediator_component_model.pdf> [23 <./figures/mediator_component_mo
del.pdf>] [24]) [25]
\openout2 = `basic_sla_meter.aux'.

 (./basic_sla_meter.tex
<figures/bm_architecture.png, id=700, 761.84625pt x 470.75874pt>
File: figures/bm_architecture.png Graphic file (type png)

<use figures/bm_architecture.png> [26


 <./figures/bm_architecture.png>]
Overfull \hbox (10.46553pt too wide) in paragraph at lines 38--42
\IL2/lmr/m/n/12 SLAmeter je me-raË pa-ra-met-rov sie-ªo-vej pre-v·dzky vy-hod-n
o-cu-j˙ci do-dræia-va-nie zmluvy
 []

) [27] [28]
\openout2 = `navrh.aux'.

 (./navrh.tex [29


] [30]
<figures/collecting1_schema.pdf, id=748, 462.72874pt x 133.49875pt>
File: figures/collecting1_schema.pdf Graphic file (type pdf)

<use figures/collecting1_schema.pdf> [31]
<figures/collecting2_schema.pdf, id=754, 551.05875pt x 268.00125pt>
File: figures/collecting2_schema.pdf Graphic file (type pdf)

<use figures/collecting2_schema.pdf> [32 <./figures/collecting1_schema.pdf>]
[33 <./figures/collecting2_schema.pdf>] [34] [35] [36] [37] [38]
Overfull \hbox (18.6857pt too wide) in paragraph at lines 310--315
\IL2/lmr/m/n/12 po-u-æÌva ma-po-va-nie z ID in-for-ma-ËnÈho ele-mentu na ob-jek
t typu []\IL2/lmtt/m/n/12 IpfixFieldAttributes\IL2/lmr/m/n/12 .
 []

[39] [40] [41] [42] [43] [44]
<figures/flowRecordDispatcher_schema.pdf, id=861, 645.41125pt x 286.06876pt>
File: figures/flowRecordDispatcher_schema.pdf Graphic file (type pdf)

<use figures/flowRecordDispatcher_schema.pdf> [45 <./figures/flowRecordDispatch
er_schema.pdf>] [46] [47]
<figures/exporting_schema.pdf, id=885, 600.2425pt x 153.57375pt>
File: figures/exporting_schema.pdf Graphic file (type pdf)

<use figures/exporting_schema.pdf> [48 <./figures/exporting_schema.pdf>]
[49] [50] <figures/sla_architecture.pdf, id=912, 391.4625pt x 583.17876pt>
File: figures/sla_architecture.pdf Graphic file (type pdf)

<use figures/sla_architecture.pdf>) [51] [52 <./figures/sla_architecture.pdf>]
\openout2 = `zaver.aux'.


(./zaver.tex) [53


]
\openout2 = `literatura.aux'.

 (./literatura.tex [54


] [55]
Underfull \hbox (badness 10000) in paragraph at lines 129--131
\IL2/lmr/m/n/12 Do-stupnÈ z: $\OML/lmm/m/it/12 <$[]$\IL2/lmtt/m/n/12 http : / /
 docs . oracle . com / javase / 6 / docs / api / java / lang /
 []


Underfull \hbox (badness 10000) in paragraph at lines 133--135
[]\IL2/lmr/m/n/12 GALLAGHER, N: \IL2/lmr/m/it/12 In-he-ri-ted Java Sin-gle-ton 
Prob-lem \IL2/lmr/m/n/12 [prÌs-pe-vok na
 []


Underfull \hbox (badness 10000) in paragraph at lines 133--135
\IL2/lmr/m/n/12 dis-kus-nom fÛre], 2010. Do-stupnÈ z: $\OML/lmm/m/it/12 <$[]$\I
L2/lmtt/m/n/12 http : / / c2 . com / cgi / wiki ?
 []

[56]) [57]
\openout2 = `prilohy.aux'.

 (./prilohy.tex) [58


]
\openout2 = `prilohaa.aux'.

 (./prilohaa.tex) [59


]
\openout2 = `prilohab.aux'.

 (./prilohab.tex [60


]
[61]) [62]
\openout2 = `prilohac.aux'.

 (./prilohac.tex) [63


]
\openout2 = `prirucka.aux'.

 (./prirucka.tex
<figures/collecting1_class.png, id=1017, 516.42938pt x 200.24812pt>
File: figures/collecting1_class.png Graphic file (type png)

<use figures/collecting1_class.png>
<figures/collecting2_class.png, id=1019, 467.49657pt x 388.45125pt>
File: figures/collecting2_class.png Graphic file (type png)

<use figures/collecting2_class.png>
Overfull \hbox (22.37305pt too wide) in paragraph at lines 21--23
[]\IL2/lmr/m/n/12 Diagram tried ro-z-hra-nia pre spro-stred-ko-va-te-µskÈ pro-c
esy, vr·-tane triedy []\IL2/lmtt/m/n/12 ExampleProcess
 []

<figures/intermediate_class.png, id=1021, 459.96844pt x 373.395pt>
File: figures/intermediate_class.png Graphic file (type png)

<use figures/intermediate_class.png>
<figures/exporting_class.png, id=1022, 403.5075pt x 285.31593pt>
File: figures/exporting_class.png Graphic file (type png)

<use figures/exporting_class.png>) [64


 <./figures/collecting1_class.png>]
[65 <./figures/collecting2_class.png>] [66 <./figures/intermediate_class.png>]
[67 <./figures/exporting_class.png>] (./tukedip.aux (./uvod.aux)
(./formulacia.aux) (./analyza.aux) (./mediator.aux) (./analyza_framework.aux)
(./basic_sla_meter.aux) (./navrh.aux) (./zaver.aux) (./literatura.aux)
(./prilohy.aux) (./prilohaa.aux) (./prilohab.aux) (./prilohac.aux)
(./prirucka.aux)) )
(\end occurred inside a group at level 1)

### simple group (level 1) entered at line 155 ({)
### bottom level 
Here is how much of TeX's memory you used:
 8092 strings out of 495027
 109037 string characters out of 1181419
 186502 words of memory out of 3000000
 10746 multiletter control sequences out of 15000+50000
 68720 words of font info for 64 fonts, out of 3000000 for 9000
 38 hyphenation exceptions out of 8191
 38i,8n,41p,460b,571s stack positions out of 5000i,500n,10000p,200000b,50000s
{/usr/share/texmf/fonts/enc/dvips/lm/lm-mathit.enc}{/usr/share/
texmf/fonts/enc/dvips/lm/lm-rm.enc}{/usr/share/texmf/fonts/enc/dvips/lm/lm-cs.e
nc}{/usr/share/texmf/fonts/enc/dvips/lm/lm-cstt.enc}{/usr/share/texmf/fonts/enc
/dvips/lm/lm-mathsy.enc}</usr/share/texmf/fonts/type1/public/lm/lmbx10.pfb></us
r/share/texmf/fonts/type1/public/lm/lmbx12.pfb></usr/share/texmf/fonts/type1/pu
blic/lm/lmmi12.pfb></usr/share/texmf/fonts/type1/public/lm/lmr10.pfb></usr/shar
e/texmf/fonts/type1/public/lm/lmr12.pfb></usr/share/texmf/fonts/type1/public/lm
/lmr7.pfb></usr/share/texmf/fonts/type1/public/lm/lmr8.pfb></usr/share/texmf/fo
nts/type1/public/lm/lmri10.pfb></usr/share/texmf/fonts/type1/public/lm/lmri12.p
fb></usr/share/texmf/fonts/type1/public/lm/lmss10.pfb></usr/share/texmf/fonts/t
ype1/public/lm/lmsy10.pfb></usr/share/texmf/fonts/type1/public/lm/lmtt12.pfb>
Output written on tukedip.pdf (83 pages, 1346145 bytes).
PDF statistics:
 1141 PDF objects out of 1200 (max. 8388607)
 223 named destinations out of 1000 (max. 500000)
 591 words of extra memory for PDF output out of 10000 (max. 10000000)

