\BOOKMARK [1][]{section.1}{\376\377\0001\000\040\000F\000u\000n\000k\000c\000i\000a\000\040\000p\000r\000o\000g\000r\000a\000m\000u}{}
\BOOKMARK [1][]{section.2}{\376\377\0002\000\040\000A\000n\000a\000l\000\375\000z\000a\000\040\000p\000r\000o\000b\000l\000\351\000m\000u}{}
\BOOKMARK [2][]{subsection.2.1}{\376\377\0002\000.\0001\000\040\000V\000y\000b\000r\000a\000n\000é\000\040\000p\000r\000\355\000k\000l\000a\000d\000y\000\040\000p\000o\000u\001\176\000i\000t\000i\000a\000\040\000s\000p\000r\000o\000s\000t\000r\000e\000d\000k\000o\000v\000a\000n\000i\000a\000\040\000s\000p\000r\000\341\000v}{section.2}
\BOOKMARK [1][]{section.3}{\376\377\0003\000\040\000P\000o\000p\000i\000s\000\040\000p\000r\000o\000g\000r\000a\000m\000u}{}
\BOOKMARK [2][]{subsection.3.1}{\376\377\0003\000.\0001\000\040\000A\000r\000c\000h\000i\000t\000e\000k\000t\000\372\000r\000a\000\040\000r\000i\000e\001\141\000e\000n\000i\000a}{section.3}
\BOOKMARK [2][]{subsection.3.2}{\376\377\0003\000.\0002\000\040\000P\000o\000p\000i\000s\000\040\000r\000i\000e\001\141\000e\000n\000i\000a}{section.3}
\BOOKMARK [3][]{subsubsection.3.2.1}{\376\377\0003\000.\0002\000.\0001\000\040\000H\000l\000a\000v\000n\000\341\000\040\000t\000r\000i\000e\000d\000a\000\040\000M\000e\000d\000i\000\341\000t\000o\000r\000a}{subsection.3.2}
\BOOKMARK [3][]{subsubsection.3.2.2}{\376\377\0003\000.\0002\000.\0002\000\040\000Z\000h\000r\000o\000m\000a\001\176\001\017\000o\000v\000a\000c\000\355\000\040\000p\000r\000o\000c\000e\000s}{subsection.3.2}
\BOOKMARK [4][]{figure.3.3}{\376\377\0003\000.\0002\000.\0002\000.\0001\000\040\0001\000.\000\040\000f\000\341\000z\000a\000\040\000z\000h\000r\000o\000m\000a\001\176\001\017\000o\000v\000a\000c\000i\000e\000h\000o\000\040\000p\000r\000o\000c\000e\000s\000u}{subsubsection.3.2.2}
\BOOKMARK [4][]{paragraph.3.2.2.2}{\376\377\0003\000.\0002\000.\0002\000.\0002\000\040\0002\000.\000\040\000f\000\341\000z\000a\000\040\000z\000h\000r\000o\000m\000a\001\176\001\017\000o\000v\000a\000c\000i\000e\000h\000o\000\040\000p\000r\000o\000c\000e\000s\000u}{subsubsection.3.2.2}
\BOOKMARK [2][]{subsection.3.3}{\376\377\0003\000.\0003\000\040\000R\000o\000z\000h\000r\000a\000n\000i\000e\000\040\000a\000\040\000p\000o\000d\000p\000o\000r\000a\000\040\000p\000r\000e\000\040\000s\000p\000r\000o\000s\000t\000r\000e\000d\000k\000o\000v\000a\000t\000e\001\076\000s\000k\000\351\000\040\000m\000o\000d\000u\000l\000y}{section.3}
\BOOKMARK [3][]{subsubsection.3.3.1}{\376\377\0003\000.\0003\000.\0001\000\040\000A\000b\000s\000t\000r\000a\000k\000t\000n\000\341\000\040\000t\000r\000i\000e\000d\000a\000\040\000A\000I\000n\000t\000e\000r\000m\000e\000d\000i\000a\000t\000e\000P\000r\000o\000c\000e\000s\000s}{subsection.3.3}
\BOOKMARK [3][]{subsubsection.3.3.2}{\376\377\0003\000.\0003\000.\0002\000\040\000P\000r\000\355\000k\000l\000a\000d\000\040\000i\000m\000p\000l\000e\000m\000e\000n\000t\000\341\000c\000i\000e\000\040\000m\000o\000d\000u\000l\000u\000\040\000-\000\040\000E\000x\000a\000m\000p\000l\000e\000P\000r\000o\000c\000e\000s\000s}{subsection.3.3}
\BOOKMARK [3][]{subsubsection.3.3.3}{\376\377\0003\000.\0003\000.\0003\000\040\000D\000y\000n\000a\000m\000i\000c\000k\000\351\000\040\000n\000a\001\015\000\355\000t\000a\000v\000a\000n\000i\000e\000\040\000s\000p\000r\000o\000s\000t\000r\000e\000d\000k\000o\000v\000a\000t\000e\001\076\000s\000k\000\375\000c\000h\000\040\000p\000r\000o\000c\000e\000s\000o\000v}{subsection.3.3}
\BOOKMARK [3][]{subsubsection.3.3.4}{\376\377\0003\000.\0003\000.\0004\000\040\000T\000r\000i\000e\000d\000a\000\040\000F\000l\000o\000w\000R\000e\000c\000o\000r\000d\000D\000i\000s\000p\000a\000t\000c\000h\000e\000r}{subsection.3.3}
\BOOKMARK [2][]{subsection.3.4}{\376\377\0003\000.\0004\000\040\000E\000x\000p\000o\000r\000t\000o\000v\000a\000c\000\355\000\040\000p\000r\000o\000c\000e\000s}{section.3}
\BOOKMARK [1][]{section.4}{\376\377\0004\000\040\000P\000o\000p\000i\000s\000\040\000t\000r\000i\000e\000d\000,\000\040\001\015\000l\000e\000n\000s\000k\000\375\000c\000h\000\040\000p\000r\000e\000m\000e\000n\000n\000\375\000c\000h\000\040\000a\000\040\000m\000e\000t\000\363\000d}{}
\BOOKMARK [2][]{subsection.4.1}{\376\377\0004\000.\0001\000\040\000B\000a\000l\000\355\000k\000\040\000s\000k\000.\000t\000u\000k\000e\000.\000c\000n\000l\000.\000b\000m\000.\000M\000e\000d\000i\000a\000t\000o\000r}{section.4}
\BOOKMARK [3][]{subsubsection.4.1.1}{\376\377\0004\000.\0001\000.\0001\000\040\000T\000r\000i\000e\000d\000a\000\040\000D\000e\000f\000a\000u\000l\000t}{subsection.4.1}
\BOOKMARK [3][]{subsubsection.4.1.2}{\376\377\0004\000.\0001\000.\0002\000\040\000T\000r\000i\000e\000d\000a\000\040\000D\000r\000o\000p\000s\000C\000o\000u\000n\000t\000e\000r}{subsection.4.1}
\BOOKMARK [3][]{subsubsection.4.1.3}{\376\377\0004\000.\0001\000.\0003\000\040\000T\000r\000i\000e\000d\000a\000\040\000F\000l\000o\000w\000R\000e\000c\000o\000r\000d\000D\000i\000s\000p\000a\000t\000c\000h\000e\000r}{subsection.4.1}
\BOOKMARK [3][]{subsubsection.4.1.4}{\376\377\0004\000.\0001\000.\0004\000\040\000T\000r\000i\000e\000d\000a\000\040\000I\000P\000L\000o\000a\000d\000e\000r}{subsection.4.1}
\BOOKMARK [3][]{subsubsection.4.1.5}{\376\377\0004\000.\0001\000.\0005\000\040\000T\000r\000i\000e\000d\000a\000\040\000M\000e\000d\000i\000a\000t\000o\000r}{subsection.4.1}
\BOOKMARK [3][]{subsubsection.4.1.6}{\376\377\0004\000.\0001\000.\0006\000\040\000T\000r\000i\000e\000d\000a\000\040\000S\000u\000p\000p\000o\000r\000t}{subsection.4.1}
\BOOKMARK [2][]{subsection.4.2}{\376\377\0004\000.\0002\000\040\000B\000a\000l\000\355\000k\000\040\000s\000k\000.\000t\000u\000k\000e\000.\000c\000n\000l\000.\000b\000m\000.\000M\000e\000d\000i\000a\000t\000o\000r\000.\000I\000P\000F\000I\000X}{section.4}
\BOOKMARK [3][]{subsubsection.4.2.1}{\376\377\0004\000.\0002\000.\0001\000\040\000T\000r\000i\000e\000d\000a\000\040\000I\000P\000F\000I\000X\000E\000n\000c\000o\000d\000e\000r}{subsection.4.2}
\BOOKMARK [3][]{subsubsection.4.2.2}{\376\377\0004\000.\0002\000.\0002\000\040\000T\000r\000i\000e\000d\000a\000\040\000I\000P\000F\000I\000X\000F\000l\000o\000w\000R\000e\000c\000o\000r\000d}{subsection.4.2}
\BOOKMARK [3][]{subsubsection.4.2.3}{\376\377\0004\000.\0002\000.\0003\000\040\000T\000r\000i\000e\000d\000a\000\040\000I\000P\000F\000I\000X\000M\000e\000s\000s\000a\000g\000e\000H\000e\000a\000d\000e\000r}{subsection.4.2}
\BOOKMARK [2][]{subsection.4.3}{\376\377\0004\000.\0003\000\040\000B\000a\000l\000\355\000k\000\040\000s\000k\000.\000t\000u\000k\000e\000.\000c\000n\000l\000.\000b\000m\000.\000M\000e\000d\000i\000a\000t\000o\000r\000.\000I\000n\000t\000e\000r\000m\000e\000d\000i\000a\000t\000e\000P\000r\000o\000c\000e\000s\000s\000e\000s}{section.4}
\BOOKMARK [3][]{subsubsection.4.3.1}{\376\377\0004\000.\0003\000.\0001\000\040\000T\000r\000i\000e\000d\000a\000\040\000A\000I\000n\000t\000e\000r\000m\000e\000d\000i\000a\000t\000e\000P\000r\000o\000c\000e\000s\000s}{subsection.4.3}
\BOOKMARK [3][]{subsubsection.4.3.2}{\376\377\0004\000.\0003\000.\0002\000\040\000T\000r\000i\000e\000d\000a\000\040\000E\000x\000a\000m\000p\000l\000e\000P\000r\000o\000c\000e\000s\000s}{subsection.4.3}
\BOOKMARK [3][]{subsubsection.4.3.3}{\376\377\0004\000.\0003\000.\0003\000\040\000T\000r\000i\000e\000d\000a\000\040\000I\000P\000I\000n\000p\000u\000t\000B\000u\000f\000f\000e\000r}{subsection.4.3}
\BOOKMARK [2][]{subsection.4.4}{\376\377\0004\000.\0004\000\040\000B\000a\000l\000\355\000k\000\040\000s\000k\000.\000t\000u\000k\000e\000.\000c\000n\000l\000.\000b\000m\000.\000M\000e\000d\000i\000a\000t\000o\000r\000.\000c\000o\000l\000l\000e\000c\000t\000i\000n\000g}{section.4}
\BOOKMARK [3][]{subsubsection.4.4.1}{\376\377\0004\000.\0004\000.\0001\000\040\000T\000r\000i\000e\000d\000a\000\040\000U\000D\000P\000S\000e\000r\000v\000e\000r}{subsection.4.4}
\BOOKMARK [3][]{subsubsection.4.4.2}{\376\377\0004\000.\0004\000.\0002\000\040\000T\000r\000i\000e\000d\000a\000\040\000I\000p\000f\000i\000x\000P\000a\000r\000s\000e\000r}{subsection.4.4}
\BOOKMARK [2][]{subsection.4.5}{\376\377\0004\000.\0005\000\040\000B\000a\000l\000\355\000k\000\040\000s\000k\000.\000t\000u\000k\000e\000.\000c\000n\000l\000.\000b\000m\000.\000M\000e\000d\000i\000a\000t\000o\000r\000.\000e\000x\000p\000o\000r\000t\000i\000n\000g}{section.4}
\BOOKMARK [3][]{subsubsection.4.5.1}{\376\377\0004\000.\0005\000.\0001\000\040\000T\000r\000i\000e\000d\000a\000\040\000E\000x\000p\000o\000r\000t\000C\000a\000c\000h\000e}{subsection.4.5}
\BOOKMARK [3][]{subsubsection.4.5.2}{\376\377\0004\000.\0005\000.\0002\000\040\000T\000r\000i\000e\000d\000a\000\040\000M\000e\000s\000s\000a\000g\000e\000E\000n\000c\000o\000d\000e\000r}{subsection.4.5}
\BOOKMARK [3][]{subsubsection.4.5.3}{\376\377\0004\000.\0005\000.\0003\000\040\000T\000r\000i\000e\000d\000a\000\040\000U\000D\000P\000E\000x\000p\000o\000r\000t\000e\000r}{subsection.4.5}
\BOOKMARK [2][]{subsection.4.6}{\376\377\0004\000.\0006\000\040\000B\000a\000l\000\355\000k\000\040\000s\000k\000.\000t\000u\000k\000e\000.\000c\000n\000l\000.\000b\000m\000.\000e\000x\000c\000e\000p\000t\000i\000o\000n\000s}{section.4}
\BOOKMARK [1][]{section.5}{\376\377\0005\000\040\000P\000r\000e\000k\000l\000a\000d\000\040\000p\000r\000o\000g\000r\000a\000m\000u}{}
\BOOKMARK [2][]{subsection.5.1}{\376\377\0005\000.\0001\000\040\000Z\000o\000z\000n\000a\000m\000\040\000z\000d\000r\000o\000j\000o\000v\000\375\000c\000h\000\040\000t\000e\000x\000t\000o\000v}{section.5}
\BOOKMARK [2][]{subsection.5.2}{\376\377\0005\000.\0002\000\040\000P\000o\001\176\000i\000a\000d\000a\000v\000k\000y\000\040\000n\000a\000\040\000t\000e\000c\000h\000n\000i\000c\000k\000\351\000\040\000p\000r\000o\000s\000t\000r\000i\000e\000d\000k\000y\000\040\000p\000r\000i\000\040\000p\000r\000e\000k\000l\000a\000d\000e}{section.5}
\BOOKMARK [2][]{subsection.5.3}{\376\377\0005\000.\0003\000\040\000P\000o\001\176\000i\000a\000d\000a\000v\000k\000y\000\040\000n\000a\000\040\000p\000r\000o\000g\000r\000a\000m\000o\000v\000\351\000\040\000p\000r\000o\000s\000t\000r\000i\000e\000d\000k\000y\000\040\000p\000r\000i\000\040\000p\000r\000e\000k\000l\000a\000d\000e}{section.5}
\BOOKMARK [2][]{subsection.5.4}{\376\377\0005\000.\0004\000\040\000N\000\341\000v\000ä\000z\000n\000o\000s\001\145\000\040\000n\000a\000\040\000i\000n\000\351\000\040\000p\000r\000o\000g\000r\000a\000m\000o\000v\000\351\000\040\000p\000r\000o\000d\000u\000k\000t\000y}{section.5}
\BOOKMARK [2][]{subsection.5.5}{\376\377\0005\000.\0005\000\040\000V\000l\000a\000s\000t\000n\000\375\000\040\000p\000r\000e\000k\000l\000a\000d}{section.5}
\BOOKMARK [2][]{subsection.5.6}{\376\377\0005\000.\0006\000\040\000V\000y\000t\000v\000o\000r\000e\000n\000i\000e\000\040\000i\000n\001\141\000t\000a\000l\000a\001\015\000n\000\351\000h\000o\000\040\000D\000E\000B\000\040\000s\000\372\000b\000o\000r\000u}{section.5}
\BOOKMARK [2][]{subsection.5.7}{\376\377\0005\000.\0007\000\040\000O\000p\000i\000s\000\040\000z\000n\000\341\000m\000y\000c\000h\000\040\000c\000h\000\375\000b}{section.5}
\BOOKMARK [1][]{section.6}{\376\377\0006\000\040\000Z\000h\000o\000d\000n\000o\000t\000e\000n\000i\000e\000\040\000r\000i\000e\001\141\000e\000n\000i\000a}{}
\BOOKMARK [1][]{section.6}{\376\377\000\040\000Z\000o\000z\000n\000a\000m\000\040\000p\000o\000u\001\176\000i\000t\000e\000j\000\040\000l\000i\000t\000e\000r\000a\000t\000\372\000r\000y}{}
